[debug] [2020-07-29T08:35:43.069Z] ----------------------------------------------------------------------
[debug] [2020-07-29T08:35:43.072Z] Command:       C:\Program Files\nodejs\node.exe C:\Users\khush\AppData\Roaming\npm\node_modules\firebase-tools\lib\bin\firebase.js init
[debug] [2020-07-29T08:35:43.073Z] CLI Version:   8.6.0
[debug] [2020-07-29T08:35:43.073Z] Platform:      win32
[debug] [2020-07-29T08:35:43.073Z] Node Version:  v14.4.0
[debug] [2020-07-29T08:35:43.075Z] Time:          Wed Jul 29 2020 14:05:43 GMT+0530 (India Standard Time)
[debug] [2020-07-29T08:35:43.075Z] ----------------------------------------------------------------------
[debug] [2020-07-29T08:35:43.075Z] 
[debug] [2020-07-29T08:35:43.085Z] > command requires scopes: ["email","openid","https://www.googleapis.com/auth/cloudplatformprojects.readonly","https://www.googleapis.com/auth/firebase","https://www.googleapis.com/auth/cloud-platform"]
[debug] [2020-07-29T08:35:43.086Z] > authorizing via signed-in user
[info] 
     ######## #### ########  ######## ########     ###     ######  ########
     ##        ##  ##     ## ##       ##     ##  ##   ##  ##       ##
     ######    ##  ########  ######   ########  #########  ######  ######
     ##        ##  ##    ##  ##       ##     ## ##     ##       ## ##
     ##       #### ##     ## ######## ########  ##     ##  ######  ########

You're about to initialize a Firebase project in this directory:

  D:\projects\Friendly-Fitness

Before we get started, keep in mind:

  * You are initializing in an existing Firebase project directory

